
다음에 접속됨: Oracle Database 11g Enterprise Edition Release 11.1.0.7.0 - Production
With the Partitioning, OLAP, Data Mining and Real Application Testing options
KO16MSWIN949 문자 설정과 AL16UTF16 NCHAR 문자 설정에서 익스포트가 종료되었습니다

지정된 테이블을 익스포트하려고 합니다 via 규정 경로...
. .                            A_TB 테이블 익스포트 중
                                                            0개의 행이 엑스포트되었습니다
. .                             AAA 테이블 익스포트 중
                                                            0개의 행이 엑스포트되었습니다
. .                         ACBOARD 테이블 익스포트 중
                                                            0개의 행이 엑스포트되었습니다
. .                         ADDRESS 테이블 익스포트 중
                                                            6개의 행이 엑스포트되었습니다
. .                     ADDRESSLIST 테이블 익스포트 중
                                                            9개의 행이 엑스포트되었습니다
. .                     AJAX_REPORT 테이블 익스포트 중
                                                           41개의 행이 엑스포트되었습니다
. .                          ANIMAL 테이블 익스포트 중
                                                            0개의 행이 엑스포트되었습니다
. .                         ARTICLE 테이블 익스포트 중
                                                            2개의 행이 엑스포트되었습니다
. .                      ATTACHMENT 테이블 익스포트 중
                                                            1개의 행이 엑스포트되었습니다
. .                          BASKET 테이블 익스포트 중
                                                            0개의 행이 엑스포트되었습니다
. .                         BMEMBER 테이블 익스포트 중
                                                            5개의 행이 엑스포트되었습니다
. .                           BOARD 테이블 익스포트 중
                                                            5개의 행이 엑스포트되었습니다
. .                       BOARD_EJB 테이블 익스포트 중
                                                            4개의 행이 엑스포트되었습니다
. .                  BOARD_MASTER_T 테이블 익스포트 중
                                                            6개의 행이 엑스포트되었습니다
. .                     BOARD_SUB_T 테이블 익스포트 중
                                                            5개의 행이 엑스포트되었습니다
. .                          BOARD1 테이블 익스포트 중
                                                            1개의 행이 엑스포트되었습니다
. .                      BOARD1_TBL 테이블 익스포트 중
                                                           21개의 행이 엑스포트되었습니다
. .                          BOARD2 테이블 익스포트 중
                                                           15개의 행이 엑스포트되었습니다
. .                       BOARDSRUS 테이블 익스포트 중
                                                            1개의 행이 엑스포트되었습니다
. .                           BONUS 테이블 익스포트 중
                                                            0개의 행이 엑스포트되었습니다
. .                            BOOK 테이블 익스포트 중
                                                            9개의 행이 엑스포트되었습니다
. .                       BOOKORDER 테이블 익스포트 중
                                                           16개의 행이 엑스포트되었습니다
. .                         BOOKREG 테이블 익스포트 중
                                                            4개의 행이 엑스포트되었습니다
. .                           BOOKS 테이블 익스포트 중
                                                           17개의 행이 엑스포트되었습니다
. .                            CART 테이블 익스포트 중
                                                           37개의 행이 엑스포트되었습니다
. .                        CATEGORY 테이블 익스포트 중
                                                            0개의 행이 엑스포트되었습니다
. .                      CH8_MEMBER 테이블 익스포트 중
                                                            1개의 행이 엑스포트되었습니다
. .                      CH9_BTABLE 테이블 익스포트 중
                                                            2개의 행이 엑스포트되었습니다
. .                        CH9_CART 테이블 익스포트 중
                                                            0개의 행이 엑스포트되었습니다
. .                    CH9_CATEGORY 테이블 익스포트 중
                                                            6개의 행이 엑스포트되었습니다
. .                      CH9_MEMBER 테이블 익스포트 중
                                                            4개의 행이 엑스포트되었습니다
. .                      CH9_PORDER 테이블 익스포트 중
                                                            4개의 행이 엑스포트되었습니다
. .                     CH9_PRODUCT 테이블 익스포트 중
                                                            9개의 행이 엑스포트되었습니다
. .                     CHAT_MEMBER 테이블 익스포트 중
                                                            5개의 행이 엑스포트되었습니다
. .                          CLINIC 테이블 익스포트 중
                                                            0개의 행이 엑스포트되었습니다
. .                       CODE_DEPT 테이블 익스포트 중
                                                           14개의 행이 엑스포트되었습니다
. .                      CODE_JIKCH 테이블 익스포트 중
                                                            5개의 행이 엑스포트되었습니다
. .                      CODE_JIKGB 테이블 익스포트 중
                                                            9개의 행이 엑스포트되었습니다
. .                   CODE_RELIGION 테이블 익스포트 중
                                                            6개의 행이 엑스포트되었습니다
. .                     CODE_SCHOOL 테이블 익스포트 중
                                                            7개의 행이 엑스포트되었습니다
. .                   COMCOSTTARGET 테이블 익스포트 중
                                                            0개의 행이 엑스포트되었습니다
. .                  COMCOSTTARGETB 테이블 익스포트 중
                                                            0개의 행이 엑스포트되었습니다
. .                        COMMENTS 테이블 익스포트 중
                                                            3개의 행이 엑스포트되었습니다
. .                          COMMON 테이블 익스포트 중
                                                           55개의 행이 엑스포트되었습니다
. .                   COMMON_CODE_T 테이블 익스포트 중
                                                           13개의 행이 엑스포트되었습니다
. .                      DEPARTMENT 테이블 익스포트 중
                                                            0개의 행이 엑스포트되었습니다
. .                            DEPT 테이블 익스포트 중
                                                            5개의 행이 엑스포트되었습니다
. .                       DEPT_COPY 테이블 익스포트 중
                                                            4개의 행이 엑스포트되었습니다
. .                        DISCOUNT 테이블 익스포트 중
                                                            0개의 행이 엑스포트되었습니다
. .                      DISTRIBUTE 테이블 익스포트 중
                                                            5개의 행이 엑스포트되었습니다
. .                          DOCTOR 테이블 익스포트 중
                                                            0개의 행이 엑스포트되었습니다
. .                             EMP 테이블 익스포트 중
                                                           15개의 행이 엑스포트되었습니다
. .                         EMP_LAB 테이블 익스포트 중
                                                            0개의 행이 엑스포트되었습니다
. .                       EMP_LEVEL 테이블 익스포트 중
                                                            5개의 행이 엑스포트되었습니다
. .                        EMPLOYEE 테이블 익스포트 중
                                                            0개의 행이 엑스포트되었습니다
. .                      EVENT_INFO 테이블 익스포트 중
                                                            1개의 행이 엑스포트되었습니다
. .                      EXAM_PAPER 테이블 익스포트 중
                                                            1개의 행이 엑스포트되었습니다
. .                        FAQ_INFO 테이블 익스포트 중
                                                            1개의 행이 엑스포트되었습니다
. .                            FEED 테이블 익스포트 중
                                                            3개의 행이 엑스포트되었습니다
. .                           GENRE 테이블 익스포트 중
                                                            4개의 행이 엑스포트되었습니다
. .                       GUESTBOOK 테이블 익스포트 중
                                                           10개의 행이 엑스포트되었습니다
. .                       HANDPHONE 테이블 익스포트 중
                                                            7개의 행이 엑스포트되었습니다
. .                HD_COMMON_CODE_T 테이블 익스포트 중
                                                            3개의 행이 엑스포트되었습니다
. .                      HD_GENRE_T 테이블 익스포트 중
                                                            6개의 행이 엑스포트되었습니다
. .                      HD_GRADE_T 테이블 익스포트 중
                                                            3개의 행이 엑스포트되었습니다
. .                      HD_MOVIE_T 테이블 익스포트 중
                                                            4개의 행이 엑스포트되었습니다
. .                HD_VIDEO_DELAY_T 테이블 익스포트 중
                                                            0개의 행이 엑스포트되었습니다
. .          HD_VIDEO_LOAN_DETAIL_T 테이블 익스포트 중
                                                           12개의 행이 엑스포트되었습니다
. .            HD_VIDEO_LOAN_MAST_T 테이블 익스포트 중
                                                            9개의 행이 엑스포트되었습니다
. .                 HD_VIDEO_LOSS_T 테이블 익스포트 중
                                                            0개의 행이 엑스포트되었습니다
. .               HD_VIDEO_MEMBER_T 테이블 익스포트 중
                                                            5개의 행이 엑스포트되었습니다
. .                      HD_VIDEO_T 테이블 익스포트 중
                                                           16개의 행이 엑스포트되었습니다
. .                        HOSPITAL 테이블 익스포트 중
                                                            0개의 행이 엑스포트되었습니다
. .                       IBB_BOARD 테이블 익스포트 중
                                                            5개의 행이 엑스포트되었습니다
. .                         IBBTEST 테이블 익스포트 중
                                                            0개의 행이 엑스포트되었습니다
. .                   ID_REPOSITORY 테이블 익스포트 중
                                                            1개의 행이 엑스포트되었습니다
. .                           IMAGE 테이블 익스포트 중
                                                            0개의 행이 엑스포트되었습니다
. .                  INTRO_MEMBER_T 테이블 익스포트 중
                                                            4개의 행이 엑스포트되었습니다
. .                            ITEM 테이블 익스포트 중
                                                            1개의 행이 엑스포트되었습니다
. .                      JSF_COMMON 테이블 익스포트 중
                                                           55개의 행이 엑스포트되었습니다
. .                    JSF_DISCOUNT 테이블 익스포트 중
                                                            0개의 행이 엑스포트되었습니다
. .                  JSF_DISTRIBUTE 테이블 익스포트 중
                                                            5개의 행이 엑스포트되었습니다
. .                  JSF_EVENT_INFO 테이블 익스포트 중
                                                            1개의 행이 엑스포트되었습니다
. .                    JSF_FAQ_INFO 테이블 익스포트 중
                                                            1개의 행이 엑스포트되었습니다
. .                 JSF_MEMBER_INFO 테이블 익스포트 중
                                                            3개의 행이 엑스포트되었습니다
. .                  JSF_MOVIE_INFO 테이블 익스포트 중
                                                            5개의 행이 엑스포트되었습니다
. .             JSF_MOVIE_ROOM_INFO 테이블 익스포트 중
                                                           20개의 행이 엑스포트되었습니다
. .          JSF_MOVIE_THEATER_INFO 테이블 익스포트 중
                                                            2개의 행이 엑스포트되었습니다
. .                 JSF_NOTICE_INFO 테이블 익스포트 중
                                                            1개의 행이 엑스포트되었습니다
. .                    JSF_QNA_INFO 테이블 익스포트 중
                                                            5개의 행이 엑스포트되었습니다
. .                 JSF_REGION_INFO 테이블 익스포트 중
                                                           25개의 행이 엑스포트되었습니다
. .                 JSF_RESERVATION 테이블 익스포트 중
                                                            1개의 행이 엑스포트되었습니다
. .    JSF_RESERVATION_HISTORY_INFO 테이블 익스포트 중
                                                            0개의 행이 엑스포트되었습니다
. .                    JSF_SCHEDULE 테이블 익스포트 중
                                                           11개의 행이 엑스포트되었습니다
. .                  JSF_STAR_POINT 테이블 익스포트 중
                                                           15개의 행이 엑스포트되었습니다
. .                             KIM 테이블 익스포트 중
                                                            0개의 행이 엑스포트되었습니다
. .                       LEC_BOARD 테이블 익스포트 중
                                                          122개의 행이 엑스포트되었습니다
. .                         LECTURE 테이블 익스포트 중
                                                           10개의 행이 엑스포트되었습니다
. .                         LOB_TBL 테이블 익스포트 중
                                                            1개의 행이 엑스포트되었습니다
. .                    MANUFACTURED 테이블 익스포트 중
                                                            0개의 행이 엑스포트되었습니다
. .                  MEDICALHISTORY 테이블 익스포트 중
                                                            0개의 행이 엑스포트되었습니다
. .                          MEMBER 테이블 익스포트 중
                                                            2개의 행이 엑스포트되었습니다
. .                     MEMBER_AJAX 테이블 익스포트 중
                                                            1개의 행이 엑스포트되었습니다
. .                     MEMBER_INFO 테이블 익스포트 중
                                                            3개의 행이 엑스포트되었습니다
. .                        MEMBER_X 테이블 익스포트 중
                                                            1개의 행이 엑스포트되었습니다
. .                         MEMBER2 테이블 익스포트 중
                                                            0개의 행이 엑스포트되었습니다
. .                      MEMBER2019 테이블 익스포트 중
                                                            4개의 행이 엑스포트되었습니다
. .                         MEMBERS 테이블 익스포트 중
                                                            0개의 행이 엑스포트되었습니다
. .                            MEMO 테이블 익스포트 중
                                                            4개의 행이 엑스포트되었습니다
. .                        MKADDRTB 테이블 익스포트 중
                                                            7개의 행이 엑스포트되었습니다
. .               MM_ONHAND_STOCK_T 테이블 익스포트 중
                                                            0개의 행이 엑스포트되었습니다
. .               MM_PACKING_MAST_T 테이블 익스포트 중
                                                            0개의 행이 엑스포트되었습니다
. .                MM_SHIPINV_DET_T 테이블 익스포트 중
                                                            0개의 행이 엑스포트되었습니다
. .               MM_SHIPINV_MAST_T 테이블 익스포트 중
                                                            0개의 행이 엑스포트되었습니다
. .             MM_TRANSPORT_RATE_T 테이블 익스포트 중
                                                            0개의 행이 엑스포트되었습니다
. .                        MOD_TEST 테이블 익스포트 중
                                                            0개의 행이 엑스포트되었습니다
. .                           MOVIE 테이블 익스포트 중
                                                            0개의 행이 엑스포트되었습니다
. .                      MOVIE_INFO 테이블 익스포트 중
                                                            5개의 행이 엑스포트되었습니다
. .                 MOVIE_ROOM_INFO 테이블 익스포트 중
                                                           20개의 행이 엑스포트되었습니다
. .              MOVIE_THEATER_INFO 테이블 익스포트 중
                                                            2개의 행이 엑스포트되었습니다
. .                        NEWSLIST 테이블 익스포트 중
                                                           15개의 행이 엑스포트되었습니다
. .                     NOTICE_INFO 테이블 익스포트 중
                                                            1개의 행이 엑스포트되었습니다
. .                       ONJ_BOARD 테이블 익스포트 중
                                                            0개의 행이 엑스포트되었습니다
. .                  ONLINE_SUBJECT 테이블 익스포트 중
                                                            5개의 행이 엑스포트되었습니다
. .                     ORDER_BOOKS 테이블 익스포트 중
                                                            5개의 행이 엑스포트되었습니다
. .                         ORDER_T 테이블 익스포트 중
                                                           10개의 행이 엑스포트되었습니다
. .                          ORDERS 테이블 익스포트 중
                                                            2개의 행이 엑스포트되었습니다
. .                          PBOARD 테이블 익스포트 중
...........................................................................
...........................................................................
...........................................................................
...........................................................................
...........................................................................
...........................................................................
...........................................................................
...........................................................................
...........................................................................
...........................................................................
...........................................................................
...........................................................................
...........................................................................
.........................
                                                      1000000개의 행이 엑스포트되었습니다
. .                       PERSONNEL 테이블 익스포트 중
                                                          112개의 행이 엑스포트되었습니다
. .                  PERSONNEL_BACK 테이블 익스포트 중
                                                          112개의 행이 엑스포트되었습니다
. .                 PERSONNEL_BASIC 테이블 익스포트 중
                                                           10개의 행이 엑스포트되었습니다
. .                      PLAN_TABLE 테이블 익스포트 중
                                                          292개의 행이 엑스포트되었습니다
. .                PM_PRGOF_ORDER_T 테이블 익스포트 중
...
                                                         3013개의 행이 엑스포트되었습니다
. .                           POINT 테이블 익스포트 중
                                                            0개의 행이 엑스포트되었습니다
. .                         POINT_P 테이블 익스포트 중
                                                            5개의 행이 엑스포트되었습니다
. .                            POST 테이블 익스포트 중
                                                           10개의 행이 엑스포트되었습니다
. .                          QATB01 테이블 익스포트 중
                                                            0개의 행이 엑스포트되었습니다
. .           QM_BILL_OF_MATERIAL_T 테이블 익스포트 중
                                                            0개의 행이 엑스포트되었습니다
. .                 QM_ORDER_RULE_T 테이블 익스포트 중
                                                            0개의 행이 엑스포트되었습니다
. .               QM_PRODUCT_SPEC_T 테이블 익스포트 중
                                                            0개의 행이 엑스포트되었습니다
. .         QM_REQUEST_SPEC_IMAGE_T 테이블 익스포트 중
                                                            0개의 행이 엑스포트되었습니다
. .              QM_SPEC_CHEMICAL_S 테이블 익스포트 중
                                                            0개의 행이 엑스포트되었습니다
. .              QM_SPEC_CHEMICAL_T 테이블 익스포트 중
.......................
                                                        23293개의 행이 엑스포트되었습니다
. .                   QM_SPEC_DET_S 테이블 익스포트 중
                                                            0개의 행이 엑스포트되었습니다
. .                   QM_SPEC_DET_T 테이블 익스포트 중
.......................
                                                        23293개의 행이 엑스포트되었습니다
. .                  QM_SPEC_MAST_S 테이블 익스포트 중
                                                            0개의 행이 엑스포트되었습니다
. .                  QM_SPEC_MAST_T 테이블 익스포트 중
.......................
                                                        23293개의 행이 엑스포트되었습니다
. .                    QM_SPEC_MS_S 테이블 익스포트 중
                                                            0개의 행이 엑스포트되었습니다
. .                   QM_SPEC_VAL_S 테이블 익스포트 중
                                                            0개의 행이 엑스포트되었습니다
. .                   QM_SPEC_VAL_T 테이블 익스포트 중
                                                            0개의 행이 엑스포트되었습니다
. .                 QM_STAND_HARD_T 테이블 익스포트 중
                                                            0개의 행이 엑스포트되었습니다
. .                  QM_STAND_THK_T 테이블 익스포트 중
                                                            0개의 행이 엑스포트되었습니다
. .                  QM_STAND_WDT_T 테이블 익스포트 중
                                                            0개의 행이 엑스포트되었습니다
. .                        QNA_INFO 테이블 익스포트 중
                                                            5개의 행이 엑스포트되었습니다
. .                     REGION_INFO 테이블 익스포트 중
                                                           25개의 행이 엑스포트되었습니다
. .                           REPLE 테이블 익스포트 중
                                                            2개의 행이 엑스포트되었습니다
. .                           REPLY 테이블 익스포트 중
                                                            0개의 행이 엑스포트되었습니다
. .                     RESERVATION 테이블 익스포트 중
                                                            1개의 행이 엑스포트되었습니다
. .        RESERVATION_HISTORY_INFO 테이블 익스포트 중
                                                            0개의 행이 엑스포트되었습니다
. .                      RESTAURANT 테이블 익스포트 중
                                                            5개의 행이 엑스포트되었습니다
. .          RM_MATERIAL_CHEMICAL_T 테이블 익스포트 중
                                                            0개의 행이 엑스포트되었습니다
. .              RM_MATERIAL_SPEC_T 테이블 익스포트 중
                                                            0개의 행이 엑스포트되었습니다
. .               RM_ONHAND_STOCK_T 테이블 익스포트 중
                                                            0개의 행이 엑스포트되었습니다
. .                         S_BOARD 테이블 익스포트 중
                                                            0개의 행이 엑스포트되었습니다
. .                           S_EMP 테이블 익스포트 중
                                                            0개의 행이 엑스포트되었습니다
. .                       SALE_HIST 테이블 익스포트 중
                                                           36개의 행이 엑스포트되었습니다
. .                        SALGRADE 테이블 익스포트 중
                                                           40개의 행이 엑스포트되었습니다
. .                       SAM_TAB02 테이블 익스포트 중
                                                           19개의 행이 엑스포트되었습니다
. .                        SCHEDULE 테이블 익스포트 중
                                                           11개의 행이 엑스포트되었습니다
. .                      SEARCHWORD 테이블 익스포트 중
                                                           11개의 행이 엑스포트되었습니다
. .                     SHOP_BTABLE 테이블 익스포트 중
                                                            0개의 행이 엑스포트되었습니다
. .                       SHOP_CART 테이블 익스포트 중
                                                            0개의 행이 엑스포트되었습니다
. .                     SHOP_MEMBER 테이블 익스포트 중
                                                            0개의 행이 엑스포트되었습니다
. .                     SHOP_PORDER 테이블 익스포트 중
                                                            0개의 행이 엑스포트되었습니다
. .                    SHOP_PRODUCT 테이블 익스포트 중
                                                            0개의 행이 엑스포트되었습니다
. .                     SM_ARRIVE_T 테이블 익스포트 중
                                                            0개의 행이 엑스포트되었습니다
. .         SM_BUSINESS_PLAN_MAST_T 테이블 익스포트 중
                                                            0개의 행이 엑스포트되었습니다
. .        SM_BUSINESS_PLAN_PRICE_T 테이블 익스포트 중
                                                            0개의 행이 엑스포트되었습니다
. .              SM_BUSINESS_PLAN_T 테이블 익스포트 중
                                                            0개의 행이 엑스포트되었습니다
. .              SM_CLAIM_REQUEST_T 테이블 익스포트 중
                                                            0개의 행이 엑스포트되었습니다
. .            SM_COLLECT_RECEIPT_T 테이블 익스포트 중
                                                            0개의 행이 엑스포트되었습니다
. .            SM_CUSTOMER_ARRIVE_T 테이블 익스포트 중
                                                            0개의 행이 엑스포트되었습니다
. .     SM_CUSTOMER_BASEPRICE_DET_T 테이블 익스포트 중
                                                            0개의 행이 엑스포트되었습니다
. .         SM_CUSTOMER_BASEPRICE_T 테이블 익스포트 중
                                                            0개의 행이 엑스포트되었습니다
. .               SM_CUSTOMER_DET_T 테이블 익스포트 중
                                                           12개의 행이 엑스포트되었습니다
. .               SM_CUSTOMER_MAN_T 테이블 익스포트 중
                                                            0개의 행이 엑스포트되었습니다
. .              SM_CUSTOMER_MAST_T 테이블 익스포트 중
.
                                                         1082개의 행이 엑스포트되었습니다
. .          SM_CUSTOMER_SECURITY_T 테이블 익스포트 중
                                                            0개의 행이 엑스포트되었습니다
. .         SM_CUSTOMER_VALUATION_T 테이블 익스포트 중
                                                            0개의 행이 엑스포트되었습니다
. .                 SM_ESTIMATION_T 테이블 익스포트 중
                                                            0개의 행이 엑스포트되었습니다
. .                  SM_ORDER_DET_T 테이블 익스포트 중
................
                                                        16452개의 행이 엑스포트되었습니다
. .                 SM_ORDER_MAST_T 테이블 익스포트 중
......
                                                         6621개의 행이 엑스포트되었습니다
. .               SM_PLAN_RECEVIE_T 테이블 익스포트 중
                                                            0개의 행이 엑스포트되었습니다
. .        SM_REQUEST_CHANGE_DATE_T 테이블 익스포트 중
                                                            0개의 행이 엑스포트되었습니다
. .      SM_REQUEST_CHANGE_DEPART_T 테이블 익스포트 중
                                                            0개의 행이 엑스포트되었습니다
. .             SM_RETURN_REQUEST_T 테이블 익스포트 중
                                                            0개의 행이 엑스포트되었습니다
. .                 SM_SALE_ALLOT_T 테이블 익스포트 중
                                                            0개의 행이 엑스포트되었습니다
. .          SM_SALE_CONFIRM_MAST_T 테이블 익스포트 중
                                                            0개의 행이 엑스포트되었습니다
. .              SM_SALEDIV_ALLOT_T 테이블 익스포트 중
                                                            0개의 행이 엑스포트되었습니다
. .              SM_SALES_ESTMATE_T 테이블 익스포트 중
                                                            0개의 행이 엑스포트되었습니다
. .                 SM_SALES_PLAN_T 테이블 익스포트 중
                                                            0개의 행이 엑스포트되었습니다
. .         SM_TRANS_COLLECT_PLAN_T 테이블 익스포트 중
                                                            0개의 행이 엑스포트되었습니다
. .          SM_TRANS_RECEIPT_REG_T 테이블 익스포트 중
                                                            0개의 행이 엑스포트되었습니다
. .        SM_TRANSACTION_COLLECT_T 테이블 익스포트 중
                                                            0개의 행이 엑스포트되었습니다
. .                     SNS_MESSAGE 테이블 익스포트 중
                                                            3개의 행이 엑스포트되었습니다
. .                       SNS_REPLY 테이블 익스포트 중
                                                            3개의 행이 엑스포트되었습니다
. .                      STAR_POINT 테이블 익스포트 중
                                                           15개의 행이 엑스포트되었습니다
. .                    STRUTS_BOARD 테이블 익스포트 중
                                                           11개의 행이 엑스포트되었습니다
. .                         STUDENT 테이블 익스포트 중
                                                            0개의 행이 엑스포트되었습니다
. .                       SW_DESIGN 테이블 익스포트 중
                                                            4개의 행이 엑스포트되었습니다
. .                   T_BUDGETGUBUN 테이블 익스포트 중
                                                           12개의 행이 엑스포트되었습니다
. .                     T_BUDGETHIS 테이블 익스포트 중
                                                           32개의 행이 엑스포트되었습니다
. .                  T_BUDGETMEMBER 테이블 익스포트 중
                                                            5개의 행이 엑스포트되었습니다
. .                      T_DAYSTOCK 테이블 익스포트 중
                                                            1개의 행이 엑스포트되었습니다
. .                         T_DUMMY 테이블 익스포트 중
                                                            0개의 행이 엑스포트되었습니다
. .                       T_GIFTMEM 테이블 익스포트 중
                                                            5개의 행이 엑스포트되었습니다
. .                     T_GIFTORDER 테이블 익스포트 중
                                                            4개의 행이 엑스포트되었습니다
. .                     T_GIFTPOINT 테이블 익스포트 중
                                                           12개의 행이 엑스포트되었습니다
. .                       T_GREPORT 테이블 익스포트 중
                                                          150개의 행이 엑스포트되었습니다
. .                    T_HOLHISTORY 테이블 익스포트 중
                                                           20개의 행이 엑스포트되었습니다
. .                       T_LETITBE 테이블 익스포트 중
                                                           34개의 행이 엑스포트되었습니다
. .                   T_ORDERBASKET 테이블 익스포트 중
                                                           54개의 행이 엑스포트되었습니다
. .                      T_WORKTIME 테이블 익스포트 중
                                                           15개의 행이 엑스포트되었습니다
. .                TAKE_EXAMINATION 테이블 익스포트 중
                                                            8개의 행이 엑스포트되었습니다
. .                            TCOM 테이블 익스포트 중
                                                            8개의 행이 엑스포트되었습니다
. .                           TDEPT 테이블 익스포트 중
                                                           10개의 행이 엑스포트되었습니다
. .                       TELEPHONE 테이블 익스포트 중
                                                            0개의 행이 엑스포트되었습니다
. .                            TEMP 테이블 익스포트 중
                                                           20개의 행이 엑스포트되었습니다
. .                            TEST 테이블 익스포트 중
                                                            0개의 행이 엑스포트되었습니다
. .                        TEST_BBS 테이블 익스포트 중
...........................................................................
.........................
                                                       100000개의 행이 엑스포트되었습니다
. .                      TEST_TABLE 테이블 익스포트 중
                                                            0개의 행이 엑스포트되었습니다
. .                          TEST01 테이블 익스포트 중
                                                            0개의 행이 엑스포트되었습니다
. .                          TEST02 테이블 익스포트 중
                                                            9개의 행이 엑스포트되었습니다
. .                          TEST04 테이블 익스포트 중
                                                            0개의 행이 엑스포트되었습니다
. .                          TEST05 테이블 익스포트 중
                                                            0개의 행이 엑스포트되었습니다
. .                          TEST11 테이블 익스포트 중
                                                           12개의 행이 엑스포트되었습니다
. .                          TEST13 테이블 익스포트 중
                                                            0개의 행이 엑스포트되었습니다
. .                          TEST14 테이블 익스포트 중
                                                            0개의 행이 엑스포트되었습니다
. .                   TOAD_PLAN_SQL 테이블 익스포트 중
                                                           64개의 행이 엑스포트되었습니다
. .                 TOAD_PLAN_TABLE 테이블 익스포트 중
                                                          409개의 행이 엑스포트되었습니다
. .                       USER_INFO 테이블 익스포트 중
                                                            7개의 행이 엑스포트되었습니다
. .                          USERTB 테이블 익스포트 중
                                                            0개의 행이 엑스포트되었습니다
. .                           VIDEO 테이블 익스포트 중
                                                            1개의 행이 엑스포트되었습니다
. .                       YES_CATE1 테이블 익스포트 중
                                                            5개의 행이 엑스포트되었습니다
. .                       YES_GOODS 테이블 익스포트 중
                                                          806개의 행이 엑스포트되었습니다
. .                   ZD_DOC_MAST_T 테이블 익스포트 중
                                                            0개의 행이 엑스포트되었습니다
. .                 ZD_NEXT_DOCNO_T 테이블 익스포트 중
                                                            0개의 행이 엑스포트되었습니다
. .                    ZE_ENV_FTP_T 테이블 익스포트 중
                                                            0개의 행이 엑스포트되었습니다
. .                        ZE_ENV_T 테이블 익스포트 중
                                                            0개의 행이 엑스포트되었습니다
. .                       ZIPCODE_T 테이블 익스포트 중
...................................................
                                                        51504개의 행이 엑스포트되었습니다
. .                       ZM_CODE_T 테이블 익스포트 중
...
                                                         3073개의 행이 엑스포트되었습니다
. .                    ZM_COMPANY_T 테이블 익스포트 중
                                                            0개의 행이 엑스포트되었습니다
. .                      ZM_GROUP_T 테이블 익스포트 중
                                                            0개의 행이 엑스포트되었습니다
. .                       ZM_ROLE_T 테이블 익스포트 중
                                                            0개의 행이 엑스포트되었습니다
. .                 ZM_USER_GROUP_T 테이블 익스포트 중
                                                            0개의 행이 엑스포트되었습니다
. .                       ZM_USER_T 테이블 익스포트 중
                                                            0개의 행이 엑스포트되었습니다
. .                     ZM_WINDOW_T 테이블 익스포트 중
                                                          798개의 행이 엑스포트되었습니다
. .                        공급업체 테이블 익스포트 중
                                                            0개의 행이 엑스포트되었습니다
. .                            상품 테이블 익스포트 중
                                                            0개의 행이 엑스포트되었습니다
. .                            입고 테이블 익스포트 중
                                                            0개의 행이 엑스포트되었습니다
. .                            판매 테이블 익스포트 중
                                                            0개의 행이 엑스포트되었습니다
. .                            회원 테이블 익스포트 중
                                                            0개의 행이 엑스포트되었습니다
익스포트가 경고 없이 정상적으로 종료되었습니다.
